[13:00:58] [main/INFO]: Environment: authHost='https://authserver.mojang.com', accountsHost='https://api.mojang.com', sessionHost='https://sessionserver.mojang.com', servicesHost='https://api.minecraftservices.com', name='PROD'
[13:00:59] [main/INFO]: Reloading ResourceManager: Default, bukkit
[13:01:00] [Worker-Main-8/INFO]: Loaded 7 recipes
[13:01:03] [Server thread/INFO]: Starting minecraft server version 1.17.1
[13:01:03] [Server thread/INFO]: Loading properties
[13:01:04] [Server thread/INFO]: This server is running CraftBukkit version 3266-Spigot-3892929-fd50041 (MC: 1.17.1) (Implementing API version 1.17.1-R0.1-SNAPSHOT)
[13:01:04] [Server thread/INFO]: Debug logging is disabled
[13:01:04] [Server thread/INFO]: Using 4 threads for Netty based IO
[13:01:04] [Server thread/INFO]: Server Ping Player Sample Count: 12
[13:01:04] [Server thread/INFO]: Default game type: SURVIVAL
[13:01:04] [Server thread/INFO]: Generating keypair
[13:01:04] [Server thread/INFO]: Starting Minecraft server on *:25565
[13:01:04] [Server thread/INFO]: Using default channel type
[13:01:06] [Server thread/INFO]: [LuckPerms] Loading LuckPerms v5.3.47
[13:01:06] [Server thread/INFO]: [SkinsRestorer] Loading SkinsRestorer v14.1.5
[13:01:06] [Server thread/INFO]: [UltimateHomes] Loading UltimateHomes v2.5
[13:01:06] [Server thread/INFO]: [LuckPerms] Enabling LuckPerms v5.3.47
[13:01:07] [Server thread/INFO]: [0;36;1m       [0;36;22m __    [m
[13:01:07] [Server thread/INFO]: [0;36;1m  |    [0;36;22m|__)   [0;32;22mLuckPerms[m [0;36;1mv5.3.47[m
[13:01:07] [Server thread/INFO]: [0;36;1m  |___ [0;36;22m|      [0;30;1mRunning on Bukkit - CraftBukkit[m
[13:01:07] [Server thread/INFO]: [m
[13:01:07] [Server thread/INFO]: [LuckPerms] Loading configuration...
[13:01:07] [Server thread/INFO]: [LuckPerms] Loading storage provider... [H2]
[13:01:08] [Server thread/INFO]: [LuckPerms] Loading internal permission managers...
[13:01:08] [Server thread/INFO]: [LuckPerms] Performing initial data load...
[13:01:08] [Server thread/INFO]: [LuckPerms] Successfully enabled. (took 1966ms)
[13:01:08] [Server thread/WARN]: **** SERVER IS RUNNING IN OFFLINE/INSECURE MODE!
[13:01:08] [Server thread/WARN]: The server will make no attempt to authenticate usernames. Beware.
[13:01:08] [Server thread/WARN]: While this makes the game possible to play without internet access, it also opens up the ability for hackers to connect with any username they choose.
[13:01:08] [Server thread/WARN]: To change this, set "online-mode" to "true" in the server.properties file.
[13:01:08] [Server thread/INFO]: Preparing level "world"
[13:01:09] [Server thread/INFO]: -------- World Settings For [world] --------
[13:01:09] [Server thread/INFO]: Entity Tracking Range: Pl 48 / An 48 / Mo 48 / Mi 32 / Other 64
[13:01:09] [Server thread/INFO]: Item Despawn Rate: 6000
[13:01:09] [Server thread/INFO]: Item Merge Radius: 2.5
[13:01:09] [Server thread/INFO]: View Distance: 10
[13:01:09] [Server thread/INFO]: Allow Zombie Pigmen to spawn from portal blocks: true
[13:01:09] [Server thread/INFO]: Arrow Despawn Rate: 1200 Trident Respawn Rate:1200
[13:01:09] [Server thread/INFO]: Experience Merge Radius: 3.0
[13:01:09] [Server thread/INFO]: Mob Spawn Range: 6
[13:01:09] [Server thread/INFO]: Cactus Growth Modifier: 100%
[13:01:09] [Server thread/INFO]: Cane Growth Modifier: 100%
[13:01:09] [Server thread/INFO]: Melon Growth Modifier: 100%
[13:01:09] [Server thread/INFO]: Mushroom Growth Modifier: 100%
[13:01:09] [Server thread/INFO]: Pumpkin Growth Modifier: 100%
[13:01:09] [Server thread/INFO]: Sapling Growth Modifier: 100%
[13:01:09] [Server thread/INFO]: Beetroot Growth Modifier: 100%
[13:01:09] [Server thread/INFO]: Carrot Growth Modifier: 100%
[13:01:09] [Server thread/INFO]: Potato Growth Modifier: 100%
[13:01:09] [Server thread/INFO]: Wheat Growth Modifier: 100%
[13:01:09] [Server thread/INFO]: NetherWart Growth Modifier: 100%
[13:01:09] [Server thread/INFO]: Vine Growth Modifier: 100%
[13:01:09] [Server thread/INFO]: Cocoa Growth Modifier: 100%
[13:01:09] [Server thread/INFO]: Bamboo Growth Modifier: 100%
[13:01:09] [Server thread/INFO]: SweetBerry Growth Modifier: 100%
[13:01:09] [Server thread/INFO]: Kelp Growth Modifier: 100%
[13:01:09] [Server thread/INFO]: Entity Activation Range: An 32 / Mo 32 / Ra 48 / Mi 16 / Tiv true
[13:01:09] [Server thread/INFO]: Custom Map Seeds:  Village: 10387312 Desert: 14357617 Igloo: 14357618 Jungle: 14357619 Swamp: 14357620 Monument: 10387313 Ocean: 14357621 Shipwreck: 165745295 End City: 10387313 Slime: 987234911 Bastion: 30084232 Fortress: 30084232 Mansion: 10387319 Fossil: 14357921 Portal: 34222645
[13:01:09] [Server thread/INFO]: Hopper Transfer: 8 Hopper Check: 1 Hopper Amount: 1
[13:01:09] [Server thread/INFO]: Max TNT Explosions: 100
[13:01:09] [Server thread/INFO]: Tile Max Tick Time: 50ms Entity max Tick Time: 50ms
[13:01:09] [Server thread/INFO]: Nerfing mobs spawned from spawners: false
[13:01:09] [Server thread/INFO]: Zombie Aggressive Towards Villager: true
[13:01:09] [Server thread/INFO]: -------- World Settings For [world_nether] --------
[13:01:09] [Server thread/INFO]: Entity Tracking Range: Pl 48 / An 48 / Mo 48 / Mi 32 / Other 64
[13:01:09] [Server thread/INFO]: Item Despawn Rate: 6000
[13:01:09] [Server thread/INFO]: Item Merge Radius: 2.5
[13:01:09] [Server thread/INFO]: View Distance: 10
[13:01:09] [Server thread/INFO]: Allow Zombie Pigmen to spawn from portal blocks: true
[13:01:09] [Server thread/INFO]: Arrow Despawn Rate: 1200 Trident Respawn Rate:1200
[13:01:09] [Server thread/INFO]: Experience Merge Radius: 3.0
[13:01:09] [Server thread/INFO]: Mob Spawn Range: 6
[13:01:09] [Server thread/INFO]: Cactus Growth Modifier: 100%
[13:01:09] [Server thread/INFO]: Cane Growth Modifier: 100%
[13:01:09] [Server thread/INFO]: Melon Growth Modifier: 100%
[13:01:09] [Server thread/INFO]: Mushroom Growth Modifier: 100%
[13:01:09] [Server thread/INFO]: Pumpkin Growth Modifier: 100%
[13:01:09] [Server thread/INFO]: Sapling Growth Modifier: 100%
[13:01:09] [Server thread/INFO]: Beetroot Growth Modifier: 100%
[13:01:09] [Server thread/INFO]: Carrot Growth Modifier: 100%
[13:01:09] [Server thread/INFO]: Potato Growth Modifier: 100%
[13:01:09] [Server thread/INFO]: Wheat Growth Modifier: 100%
[13:01:09] [Server thread/INFO]: NetherWart Growth Modifier: 100%
[13:01:09] [Server thread/INFO]: Vine Growth Modifier: 100%
[13:01:09] [Server thread/INFO]: Cocoa Growth Modifier: 100%
[13:01:09] [Server thread/INFO]: Bamboo Growth Modifier: 100%
[13:01:09] [Server thread/INFO]: SweetBerry Growth Modifier: 100%
[13:01:09] [Server thread/INFO]: Kelp Growth Modifier: 100%
[13:01:09] [Server thread/INFO]: Entity Activation Range: An 32 / Mo 32 / Ra 48 / Mi 16 / Tiv true
[13:01:09] [Server thread/INFO]: Custom Map Seeds:  Village: 10387312 Desert: 14357617 Igloo: 14357618 Jungle: 14357619 Swamp: 14357620 Monument: 10387313 Ocean: 14357621 Shipwreck: 165745295 End City: 10387313 Slime: 987234911 Bastion: 30084232 Fortress: 30084232 Mansion: 10387319 Fossil: 14357921 Portal: 34222645
[13:01:09] [Server thread/INFO]: Hopper Transfer: 8 Hopper Check: 1 Hopper Amount: 1
[13:01:09] [Server thread/INFO]: Max TNT Explosions: 100
[13:01:09] [Server thread/INFO]: Tile Max Tick Time: 50ms Entity max Tick Time: 50ms
[13:01:09] [Server thread/INFO]: Nerfing mobs spawned from spawners: false
[13:01:09] [Server thread/INFO]: Zombie Aggressive Towards Villager: true
[13:01:09] [Server thread/INFO]: -------- World Settings For [world_the_end] --------
[13:01:09] [Server thread/INFO]: Entity Tracking Range: Pl 48 / An 48 / Mo 48 / Mi 32 / Other 64
[13:01:09] [Server thread/INFO]: Item Despawn Rate: 6000
[13:01:09] [Server thread/INFO]: Item Merge Radius: 2.5
[13:01:09] [Server thread/INFO]: View Distance: 10
[13:01:09] [Server thread/INFO]: Allow Zombie Pigmen to spawn from portal blocks: true
[13:01:09] [Server thread/INFO]: Arrow Despawn Rate: 1200 Trident Respawn Rate:1200
[13:01:09] [Server thread/INFO]: Experience Merge Radius: 3.0
[13:01:09] [Server thread/INFO]: Mob Spawn Range: 6
[13:01:09] [Server thread/INFO]: Cactus Growth Modifier: 100%
[13:01:09] [Server thread/INFO]: Cane Growth Modifier: 100%
[13:01:09] [Server thread/INFO]: Melon Growth Modifier: 100%
[13:01:09] [Server thread/INFO]: Mushroom Growth Modifier: 100%
[13:01:09] [Server thread/INFO]: Pumpkin Growth Modifier: 100%
[13:01:09] [Server thread/INFO]: Sapling Growth Modifier: 100%
[13:01:09] [Server thread/INFO]: Beetroot Growth Modifier: 100%
[13:01:09] [Server thread/INFO]: Carrot Growth Modifier: 100%
[13:01:09] [Server thread/INFO]: Potato Growth Modifier: 100%
[13:01:09] [Server thread/INFO]: Wheat Growth Modifier: 100%
[13:01:09] [Server thread/INFO]: NetherWart Growth Modifier: 100%
[13:01:09] [Server thread/INFO]: Vine Growth Modifier: 100%
[13:01:09] [Server thread/INFO]: Cocoa Growth Modifier: 100%
[13:01:09] [Server thread/INFO]: Bamboo Growth Modifier: 100%
[13:01:09] [Server thread/INFO]: SweetBerry Growth Modifier: 100%
[13:01:09] [Server thread/INFO]: Kelp Growth Modifier: 100%
[13:01:09] [Server thread/INFO]: Entity Activation Range: An 32 / Mo 32 / Ra 48 / Mi 16 / Tiv true
[13:01:09] [Server thread/INFO]: Custom Map Seeds:  Village: 10387312 Desert: 14357617 Igloo: 14357618 Jungle: 14357619 Swamp: 14357620 Monument: 10387313 Ocean: 14357621 Shipwreck: 165745295 End City: 10387313 Slime: 987234911 Bastion: 30084232 Fortress: 30084232 Mansion: 10387319 Fossil: 14357921 Portal: 34222645
[13:01:09] [Server thread/INFO]: Hopper Transfer: 8 Hopper Check: 1 Hopper Amount: 1
[13:01:09] [Server thread/INFO]: Max TNT Explosions: 100
[13:01:09] [Server thread/INFO]: Tile Max Tick Time: 50ms Entity max Tick Time: 50ms
[13:01:09] [Server thread/INFO]: Nerfing mobs spawned from spawners: false
[13:01:09] [Server thread/INFO]: Zombie Aggressive Towards Villager: true
[13:01:09] [Server thread/INFO]: Preparing start region for dimension minecraft:overworld
[13:01:10] [Worker-Main-8/INFO]: Preparing spawn area: 0%
[13:01:10] [Worker-Main-11/INFO]: Preparing spawn area: 0%
[13:01:10] [Worker-Main-10/INFO]: Preparing spawn area: 0%
[13:01:11] [Worker-Main-8/INFO]: Preparing spawn area: 0%
[13:01:11] [Worker-Main-11/INFO]: Preparing spawn area: 0%
[13:01:18] [Worker-Main-9/INFO]: Preparing spawn area: 0%
[13:01:18] [Worker-Main-13/INFO]: Preparing spawn area: 0%
[13:01:18] [Worker-Main-9/INFO]: Preparing spawn area: 0%
[13:01:18] [Worker-Main-13/INFO]: Preparing spawn area: 0%
[13:01:18] [Worker-Main-13/INFO]: Preparing spawn area: 0%
[13:01:18] [Worker-Main-14/INFO]: Preparing spawn area: 0%
[13:01:18] [Worker-Main-9/INFO]: Preparing spawn area: 0%
[13:01:18] [Worker-Main-14/INFO]: Preparing spawn area: 0%
[13:01:18] [Worker-Main-9/INFO]: Preparing spawn area: 0%
[13:01:18] [Worker-Main-14/INFO]: Preparing spawn area: 0%
[13:01:18] [Worker-Main-9/INFO]: Preparing spawn area: 0%
[13:01:18] [Worker-Main-14/INFO]: Preparing spawn area: 0%
[13:01:18] [Worker-Main-9/INFO]: Preparing spawn area: 0%
[13:01:18] [Worker-Main-9/INFO]: Preparing spawn area: 7%
[13:01:19] [Worker-Main-10/INFO]: Preparing spawn area: 59%
[13:01:19] [Worker-Main-14/INFO]: Preparing spawn area: 69%
[13:01:20] [Worker-Main-8/INFO]: Preparing spawn area: 74%
[13:01:20] [Worker-Main-10/INFO]: Preparing spawn area: 83%
[13:01:21] [Worker-Main-14/INFO]: Preparing spawn area: 83%
[13:01:21] [Worker-Main-13/INFO]: Preparing spawn area: 88%
[13:01:22] [Worker-Main-13/INFO]: Preparing spawn area: 88%
[13:01:23] [Worker-Main-9/INFO]: Preparing spawn area: 88%
[13:01:23] [Worker-Main-12/INFO]: Preparing spawn area: 88%
[13:01:23] [Server thread/INFO]: Time elapsed: 13731 ms
[13:01:23] [Server thread/INFO]: Preparing start region for dimension minecraft:the_nether
[13:01:23] [Worker-Main-10/INFO]: Preparing spawn area: 0%
[13:01:23] [Worker-Main-9/INFO]: Preparing spawn area: 0%
[13:01:24] [Worker-Main-8/INFO]: Preparing spawn area: 0%
[13:01:24] [Worker-Main-10/INFO]: Preparing spawn area: 8%
[13:01:26] [Worker-Main-8/INFO]: Preparing spawn area: 11%
[13:01:26] [Worker-Main-11/INFO]: Preparing spawn area: 11%
[13:01:26] [Worker-Main-10/INFO]: Preparing spawn area: 13%
[13:01:26] [Worker-Main-10/INFO]: Preparing spawn area: 70%
[13:01:27] [Worker-Main-10/INFO]: Preparing spawn area: 76%
[13:01:27] [Worker-Main-13/INFO]: Preparing spawn area: 82%
[13:01:28] [Worker-Main-10/INFO]: Preparing spawn area: 86%
[13:01:28] [Worker-Main-8/INFO]: Preparing spawn area: 92%
[13:01:29] [Worker-Main-8/INFO]: Preparing spawn area: 98%
[13:01:29] [Server thread/INFO]: Time elapsed: 6150 ms
[13:01:29] [Server thread/INFO]: Preparing start region for dimension minecraft:the_end
[13:01:29] [Worker-Main-13/INFO]: Preparing spawn area: 0%
[13:01:30] [Worker-Main-8/INFO]: Preparing spawn area: 0%
[13:01:30] [Worker-Main-11/INFO]: Preparing spawn area: 7%
[13:01:31] [Worker-Main-14/INFO]: Preparing spawn area: 87%
[13:01:31] [Server thread/INFO]: Time elapsed: 1622 ms
[13:01:31] [Server thread/INFO]: [SkinsRestorer] Enabling SkinsRestorer v14.1.5
[13:01:31] [Server thread/INFO]: [0;33;1m[[0;32;22mSkinsRestorer[0;33;1m] [mUsing SpigotSkinRefresher[m
[13:01:31] [Server thread/INFO]: [0;33;1m[[0;32;22mSkinsRestorer[0;33;1m] [m[0;32;1mDetected Minecraft [0;33;1mv1_17_R1[0;32;1m, using [0;33;1mSpigotSkinRefresher[0;32;1m.[m
[13:01:34] [Server thread/INFO]: [UltimateHomes] Enabling UltimateHomes v2.5
[13:01:34] [Server thread/INFO]: [m
[13:01:34] [Server thread/INFO]: [0;32;1m--------------------------------------[m
[13:01:34] [Server thread/INFO]: [0;37;1m       UltimateHomes by kixmc[m
[13:01:34] [Server thread/INFO]: [0;37;1m       Enabled on version 2.5[m
[13:01:34] [Server thread/INFO]: [0;32;1m--------------------------------------[m
[13:01:34] [Server thread/INFO]:  [m
[13:01:34] [Server thread/INFO]: Server permissions file permissions.yml is empty, ignoring it
[13:01:34] [Server thread/INFO]: Done (25.679s)! For help, type "help"
[13:01:35] [Craft Scheduler Thread - 0/INFO]: [0;33;1m[[0;32;22mSkinsRestorer[0;33;1m] [m[0;32;1m----------------------------------------------[m
[13:01:35] [Craft Scheduler Thread - 0/INFO]: [0;33;1m[[0;32;22mSkinsRestorer[0;33;1m] [m[0;32;1m    +==================+[m
[13:01:35] [Craft Scheduler Thread - 0/INFO]: [0;33;1m[[0;32;22mSkinsRestorer[0;33;1m] [m[0;32;1m    |   SkinsRestorer  |[m
[13:01:35] [Craft Scheduler Thread - 0/INFO]: [0;33;1m[[0;32;22mSkinsRestorer[0;33;1m] [m[0;32;1m    |------------------|[m
[13:01:35] [Craft Scheduler Thread - 0/INFO]: [0;33;1m[[0;32;22mSkinsRestorer[0;33;1m] [m[0;32;1m    |  [0;34;1m[4m[21mStandalone Mode[0;32;1m |[m
[13:01:35] [Craft Scheduler Thread - 0/INFO]: [0;33;1m[[0;32;22mSkinsRestorer[0;33;1m] [m[0;32;1m    +==================+[m
[13:01:35] [Craft Scheduler Thread - 0/INFO]: [0;33;1m[[0;32;22mSkinsRestorer[0;33;1m] [m[0;32;1m----------------------------------------------[m
[13:01:35] [Craft Scheduler Thread - 0/INFO]: [0;33;1m[[0;32;22mSkinsRestorer[0;33;1m] [m[0;36;1m    Current version: [0;32;1m14.1.5[m
[13:01:35] [Craft Scheduler Thread - 0/INFO]: [0;33;1m[[0;32;22mSkinsRestorer[0;33;1m] [m[0;32;1m    This is the latest version![m
[13:01:35] [Craft Scheduler Thread - 0/INFO]: [0;33;1m[[0;32;22mSkinsRestorer[0;33;1m] [m[0;32;1m----------------------------------------------[m
[13:06:24] [User Authenticator #1/INFO]: UUID of player cadhead is 9027c891-6859-3179-8cf1-f43c0d2bdd1a
[13:06:24] [Server thread/INFO]: cadhead[/[0:0:0:0:0:0:0:1]:56008] logged in with entity id 205 at ([world]-365.34457761311006, 8.0, -143.11547868503288)
[13:06:39] [Server thread/INFO]: cadhead lost connection: Disconnected
[13:06:39] [Server thread/INFO]: cadhead left the game
[13:08:16] [User Authenticator #2/INFO]: UUID of player cadhead is 9027c891-6859-3179-8cf1-f43c0d2bdd1a
[13:08:16] [Server thread/INFO]: cadhead[/[0:0:0:0:0:0:0:1]:56122] logged in with entity id 325 at ([world]-366.593270855902, 8.0, -143.30000001192093)
[13:08:19] [Server thread/INFO]: cadhead lost connection: Disconnected
[13:08:19] [Server thread/INFO]: cadhead left the game
[13:12:13] [User Authenticator #3/INFO]: UUID of player cadhead is 9027c891-6859-3179-8cf1-f43c0d2bdd1a
[13:12:13] [Server thread/INFO]: cadhead[/[0:0:0:0:0:0:0:1]:56195] logged in with entity id 413 at ([world]-366.593270855902, 8.0, -143.30000001192093)
[13:26:23] [Server thread/INFO]: cadhead issued server command: /sethome mine
[13:30:31] [Server thread/INFO]: cadhead has made the advancement [Diamonds!]
[13:33:08] [Server thread/INFO]: cadhead lost connection: Disconnected
[13:33:08] [Server thread/INFO]: cadhead left the game
[13:33:47] [User Authenticator #4/INFO]: UUID of player Moryak is 6f6cae3a-bde1-3d0b-b7ff-f89533b83e99
[13:33:47] [Server thread/INFO]: Moryak[/[0:0:0:0:0:0:0:1]:58497] logged in with entity id 3129 at ([world]-223.5, 74.0, -115.5)
[13:34:40] [Server thread/INFO]: Moryak was shot by Skeleton
[13:34:42] [Server thread/INFO]: Moryak lost connection: Disconnected
[13:34:42] [Server thread/INFO]: Moryak left the game
[13:46:48] [User Authenticator #5/INFO]: UUID of player cadhead is 9027c891-6859-3179-8cf1-f43c0d2bdd1a
[13:46:48] [Server thread/INFO]: cadhead[/[0:0:0:0:0:0:0:1]:50536] logged in with entity id 3416 at ([world]-253.6230625035947, 14.0, -222.94186575225805)
[13:47:08] [Server thread/INFO]: cadhead issued server command: /tps
[13:48:46] [Server thread/INFO]: cadhead issued server command: /home mine
[13:48:54] [Server thread/INFO]: cadhead issued server command: /home
[13:49:07] [Server thread/INFO]: cadhead issued server command: /home mine
[13:51:30] [Server thread/INFO]: cadhead lost connection: Disconnected
[13:51:30] [Server thread/INFO]: cadhead left the game
[14:26:40] [User Authenticator #6/INFO]: UUID of player cadhead is 9027c891-6859-3179-8cf1-f43c0d2bdd1a
[14:26:41] [Server thread/INFO]: cadhead[/[0:0:0:0:0:0:0:1]:57227] logged in with entity id 4182 at ([world]-314.30000001192093, 9.0, -271.4125227996092)
[14:26:43] [Server thread/INFO]: cadhead lost connection: Disconnected
[14:26:43] [Server thread/INFO]: cadhead left the game
